<?xml version="1.0" encoding="UTF-8"?>
<!-- Generated by org.testng.reporters.JUnitXMLReporter -->
<testsuite ignored="3" hostname="SADIYAs-MacBook-Pro.local" failures="0" tests="2" name="Test" time="0.059" errors="0" timestamp="2025-01-11T19:54:12 IST">
  <testcase classname="testng.testng_Suite" name="test3" time="0.024"/>
  <testcase classname="testng.testng_Suite" name="test5" time="0.002"/>
  <testcase classname="testng.testng_Suite" name="test4" time="0.0">
    <ignored/>
  </testcase> <!-- test4 -->
  <testcase classname="testng.testng_Suite" name="test2" time="0.0">
    <ignored/>
  </testcase> <!-- test2 -->
  <testcase classname="testng.testng_Suite" name="test1" time="0.0">
    <ignored/>
  </testcase> <!-- test1 -->
</testsuite> <!-- Test -->
